<?xml version="1.0" encoding="UTF-8"?>
<testng-results total="1" passed="1" failed="0" skipped="0">
  <reporter-output>
  </reporter-output>
  <suite started-at="2023-06-02T04:59:37Z" name="Default suite" finished-at="2023-06-02T04:59:37Z" duration-ms="38">
    <groups>
    </groups>
    <test started-at="2023-06-02T04:59:37Z" name="Default test" finished-at="2023-06-02T04:59:37Z" duration-ms="38">
      <class name="org.runner.SampleClass">
        <test-method signature="tc3()[pri:0, instance:org.runner.SampleClass@130e116b]" started-at="2023-06-02T10:29:37Z" name="tc3" finished-at="2023-06-02T10:29:37Z" duration-ms="17" status="PASS">
          <reporter-output>
          </reporter-output>
        </test-method> <!-- tc3 -->
      </class> <!-- org.runner.SampleClass -->
    </test> <!-- Default test -->
  </suite> <!-- Default suite -->
</testng-results>
